<?xml version="1.0" encoding="UTF-8"?>
<!-- Generated by org.testng.reporters.JUnitReportReporter -->
<testsuite hostname="JANARDHAN-PC" failures="0" tests="1" name="driverFactory.DriverScript" time="121.596" errors="0" timestamp="2023-02-20T16:51:28 IST" skipped="0">
  <testcase classname="driverFactory.DriverScript" name="startTest" time="121.596"/>
  <system-out>
    <![CDATA[No of rows in a sheet::10
Login Success::dashboard      http://orangehrm.qedgetech.com/symfony/web/index.php/dashboard
Invalid credentials     dashboard    http://orangehrm.qedgetech.com/symfony/web/index.php/auth/validateCredentials
Invalid credentials     dashboard    http://orangehrm.qedgetech.com/symfony/web/index.php/auth/validateCredentials
Username cannot be empty     dashboard    http://orangehrm.qedgetech.com/symfony/web/index.php/auth/login
Login Success::dashboard      http://orangehrm.qedgetech.com/symfony/web/index.php/dashboard
Password cannot be empty     dashboard    http://orangehrm.qedgetech.com/symfony/web/index.php/auth/login
Login Success::dashboard      http://orangehrm.qedgetech.com/symfony/web/index.php/dashboard
Username cannot be empty     dashboard    http://orangehrm.qedgetech.com/symfony/web/index.php/auth/login
Invalid credentials     dashboard    http://orangehrm.qedgetech.com/symfony/web/index.php/auth/validateCredentials
Login Success::dashboard      http://orangehrm.qedgetech.com/symfony/web/index.php/dashboard]]>
  </system-out>
</testsuite> <!-- driverFactory.DriverScript -->
