<?xml version="1.0" encoding="UTF-8"?>
<!-- Generated by org.testng.reporters.JUnitReportReporter -->
<testsuite hostname="JANARDHAN-PC" failures="0" tests="1" name="driverFactory.DriverScriptPOM" time="216.869" errors="0" timestamp="2023-02-20T16:51:28 IST" skipped="0">
  <testcase classname="driverFactory.DriverScriptPOM" name="startTest" time="216.869"/>
  <system-out>
    <![CDATA[No of rows are::11
Add Emp Success::13428     13428
Add Emp Success::13429     13429
Add Emp Success::13430     13430
Add Emp Success::13431     13431
Add Emp Success::13432     13432
Add Emp Success::13433     13433
Add Emp Success::13434     13434
Add Emp Success::13435     13435
Add Emp Success::13436     13436
Add Emp Success::13437     13437
Add Emp Success::13438     13438]]>
  </system-out>
</testsuite> <!-- driverFactory.DriverScriptPOM -->
